                                      1 ;--------------------------------------------------------
                                      2 ; File Created by SDCC : free open source ISO C Compiler
                                      3 ; Version 4.5.0 #15242 (Linux)
                                      4 ;--------------------------------------------------------
                                      5 	.module my_c
                                      6 	
                                      7 	.optsdcc -mmcs51 --model-small
                                      8 ;--------------------------------------------------------
                                      9 ; Public variables in this module
                                     10 ;--------------------------------------------------------
                                     11 	.globl _main
                                     12 	.globl _SUBUINTC_IDATA
                                     13 ;--------------------------------------------------------
                                     14 ; special function registers
                                     15 ;--------------------------------------------------------
                                     16 	.area RSEG    (ABS,DATA)
      000000                         17 	.org 0x0000
                                     18 ;--------------------------------------------------------
                                     19 ; special function bits
                                     20 ;--------------------------------------------------------
                                     21 	.area RSEG    (ABS,DATA)
      000000                         22 	.org 0x0000
                                     23 ;--------------------------------------------------------
                                     24 ; overlayable register banks
                                     25 ;--------------------------------------------------------
                                     26 	.area REG_BANK_0	(REL,OVR,DATA)
      000000                         27 	.ds 8
                                     28 ;--------------------------------------------------------
                                     29 ; internal ram data
                                     30 ;--------------------------------------------------------
                                     31 	.area DSEG    (DATA)
                                     32 ;--------------------------------------------------------
                                     33 ; overlayable items in internal ram
                                     34 ;--------------------------------------------------------
                                     35 ;--------------------------------------------------------
                                     36 ; Stack segment in internal ram
                                     37 ;--------------------------------------------------------
                                     38 	.area SSEG
      000000                         39 __start__stack:
      000000                         40 	.ds	1
                                     41 
                                     42 ;--------------------------------------------------------
                                     43 ; indirectly addressable internal ram data
                                     44 ;--------------------------------------------------------
                                     45 	.area ISEG    (DATA)
      000000                         46 _main_mynum1_10000_81:
      000000                         47 	.ds 3
      000003                         48 _main_mynum2_10000_81:
      000003                         49 	.ds 3
      000006                         50 _main_mynum3_10000_81:
      000006                         51 	.ds 3
                                     52 ;--------------------------------------------------------
                                     53 ; absolute internal ram data
                                     54 ;--------------------------------------------------------
                                     55 	.area IABS    (ABS,DATA)
                                     56 	.area IABS    (ABS,DATA)
                                     57 ;--------------------------------------------------------
                                     58 ; bit data
                                     59 ;--------------------------------------------------------
                                     60 	.area BSEG    (BIT)
                                     61 ;--------------------------------------------------------
                                     62 ; paged external ram data
                                     63 ;--------------------------------------------------------
                                     64 	.area PSEG    (PAG,XDATA)
                                     65 ;--------------------------------------------------------
                                     66 ; uninitialized external ram data
                                     67 ;--------------------------------------------------------
                                     68 	.area XSEG    (XDATA)
                                     69 ;--------------------------------------------------------
                                     70 ; absolute external ram data
                                     71 ;--------------------------------------------------------
                                     72 	.area XABS    (ABS,XDATA)
                                     73 ;--------------------------------------------------------
                                     74 ; initialized external ram data
                                     75 ;--------------------------------------------------------
                                     76 	.area XISEG   (XDATA)
                                     77 	.area HOME    (CODE)
                                     78 	.area GSINIT0 (CODE)
                                     79 	.area GSINIT1 (CODE)
                                     80 	.area GSINIT2 (CODE)
                                     81 	.area GSINIT3 (CODE)
                                     82 	.area GSINIT4 (CODE)
                                     83 	.area GSINIT5 (CODE)
                                     84 	.area GSINIT  (CODE)
                                     85 	.area GSFINAL (CODE)
                                     86 	.area CSEG    (CODE)
                                     87 ;--------------------------------------------------------
                                     88 ; interrupt vector
                                     89 ;--------------------------------------------------------
                                     90 	.area HOME    (CODE)
      000000                         91 __interrupt_vect:
      000000 02r00r00         [24]   92 	ljmp	__sdcc_gsinit_startup
                                     93 ; restartable atomic support routines
      000003                         94 	.ds	5
      000008                         95 sdcc_atomic_exchange_rollback_start::
      000008 00               [12]   96 	nop
      000009 00               [12]   97 	nop
      00000A                         98 sdcc_atomic_exchange_pdata_impl:
      00000A E2               [24]   99 	movx	a, @r0
      00000B FB               [12]  100 	mov	r3, a
      00000C EA               [12]  101 	mov	a, r2
      00000D F2               [24]  102 	movx	@r0, a
      00000E 80 2C            [24]  103 	sjmp	sdcc_atomic_exchange_exit
      000010 00               [12]  104 	nop
      000011 00               [12]  105 	nop
      000012                        106 sdcc_atomic_exchange_xdata_impl:
      000012 E0               [24]  107 	movx	a, @dptr
      000013 FB               [12]  108 	mov	r3, a
      000014 EA               [12]  109 	mov	a, r2
      000015 F0               [24]  110 	movx	@dptr, a
      000016 80 24            [24]  111 	sjmp	sdcc_atomic_exchange_exit
      000018                        112 sdcc_atomic_compare_exchange_idata_impl:
      000018 E6               [12]  113 	mov	a, @r0
      000019 B5 02 02         [24]  114 	cjne	a, ar2, .+#5
      00001C EB               [12]  115 	mov	a, r3
      00001D F6               [12]  116 	mov	@r0, a
      00001E 22               [24]  117 	ret
      00001F 00               [12]  118 	nop
      000020                        119 sdcc_atomic_compare_exchange_pdata_impl:
      000020 E2               [24]  120 	movx	a, @r0
      000021 B5 02 02         [24]  121 	cjne	a, ar2, .+#5
      000024 EB               [12]  122 	mov	a, r3
      000025 F2               [24]  123 	movx	@r0, a
      000026 22               [24]  124 	ret
      000027 00               [12]  125 	nop
      000028                        126 sdcc_atomic_compare_exchange_xdata_impl:
      000028 E0               [24]  127 	movx	a, @dptr
      000029 B5 02 02         [24]  128 	cjne	a, ar2, .+#5
      00002C EB               [12]  129 	mov	a, r3
      00002D F0               [24]  130 	movx	@dptr, a
      00002E 22               [24]  131 	ret
      00002F                        132 sdcc_atomic_exchange_rollback_end::
                                    133 
      00002F                        134 sdcc_atomic_exchange_gptr_impl::
      00002F 30 F6 E0         [24]  135 	jnb	b.6, sdcc_atomic_exchange_xdata_impl
      000032 A8 82            [24]  136 	mov	r0, dpl
      000034 20 F5 D3         [24]  137 	jb	b.5, sdcc_atomic_exchange_pdata_impl
      000037                        138 sdcc_atomic_exchange_idata_impl:
      000037 EA               [12]  139 	mov	a, r2
      000038 C6               [12]  140 	xch	a, @r0
      000039 F5 82            [12]  141 	mov	dpl, a
      00003B 22               [24]  142 	ret
      00003C                        143 sdcc_atomic_exchange_exit:
      00003C 8B 82            [24]  144 	mov	dpl, r3
      00003E 22               [24]  145 	ret
      00003F                        146 sdcc_atomic_compare_exchange_gptr_impl::
      00003F 30 F6 E6         [24]  147 	jnb	b.6, sdcc_atomic_compare_exchange_xdata_impl
      000042 A8 82            [24]  148 	mov	r0, dpl
      000044 20 F5 D9         [24]  149 	jb	b.5, sdcc_atomic_compare_exchange_pdata_impl
      000047 80 CF            [24]  150 	sjmp	sdcc_atomic_compare_exchange_idata_impl
                                    151 ;--------------------------------------------------------
                                    152 ; global & static initialisations
                                    153 ;--------------------------------------------------------
                                    154 	.area HOME    (CODE)
                                    155 	.area GSINIT  (CODE)
                                    156 	.area GSFINAL (CODE)
                                    157 	.area GSINIT  (CODE)
                                    158 	.globl __sdcc_gsinit_startup
                                    159 	.globl __sdcc_program_startup
                                    160 	.globl __start__stack
                                    161 	.globl __mcs51_genXINIT
                                    162 	.globl __mcs51_genXRAMCLEAR
                                    163 	.globl __mcs51_genRAMCLEAR
                                    164 	.area GSFINAL (CODE)
      000000 02r00r49         [24]  165 	ljmp	__sdcc_program_startup
                                    166 ;--------------------------------------------------------
                                    167 ; Home
                                    168 ;--------------------------------------------------------
                                    169 	.area HOME    (CODE)
                                    170 	.area HOME    (CODE)
      000049                        171 __sdcc_program_startup:
      000049 02r00r00         [24]  172 	ljmp	_main
                                    173 ;	return from main will return to caller
                                    174 ;--------------------------------------------------------
                                    175 ; code
                                    176 ;--------------------------------------------------------
                                    177 	.area CSEG    (CODE)
                                    178 ;------------------------------------------------------------
                                    179 ;Allocation info for local variables in function 'main'
                                    180 ;------------------------------------------------------------
                                    181 ;__200000007   Allocated to registers 
                                    182 ;__200000008   Allocated to registers 
                                    183 ;__200000009   Allocated to registers 
                                    184 ;out           Allocated to registers 
                                    185 ;inp1          Allocated to registers 
                                    186 ;inp2          Allocated to registers 
                                    187 ;mynum1        Allocated with name '_main_mynum1_10000_81'
                                    188 ;mynum2        Allocated with name '_main_mynum2_10000_81'
                                    189 ;mynum3        Allocated with name '_main_mynum3_10000_81'
                                    190 ;------------------------------------------------------------
                                    191 ;	/home/baibhavdebian/Documents/tinytool52/ttl52api/ttl52int/my_c.c:3: void main(){
                                    192 ;	-----------------------------------------
                                    193 ;	 function main
                                    194 ;	-----------------------------------------
      000000                        195 _main:
                           000007   196 	ar7 = 0x07
                           000006   197 	ar6 = 0x06
                           000005   198 	ar5 = 0x05
                           000004   199 	ar4 = 0x04
                           000003   200 	ar3 = 0x03
                           000002   201 	ar2 = 0x02
                           000001   202 	ar1 = 0x01
                           000000   203 	ar0 = 0x00
                                    204 ;	/home/baibhavdebian/Documents/tinytool52/ttl52api/ttl52int/my_c.c:4: uint24t __idata mynum1 = UINT24(12234);
      000000 78r00            [12]  205 	mov	r0,#_main_mynum1_10000_81
      000002 76 CA            [12]  206 	mov	@r0,#0xca
      000004 78r01            [12]  207 	mov	r0,#(_main_mynum1_10000_81 + 0x0001)
      000006 76 2F            [12]  208 	mov	@r0,#0x2f
      000008 78r02            [12]  209 	mov	r0,#(_main_mynum1_10000_81 + 0x0002)
      00000A 76 00            [12]  210 	mov	@r0,#0x00
                                    211 ;	/home/baibhavdebian/Documents/tinytool52/ttl52api/ttl52int/my_c.c:5: uint24t __idata mynum2 = UINT24(12234);
      00000C 78r03            [12]  212 	mov	r0,#_main_mynum2_10000_81
      00000E 76 CA            [12]  213 	mov	@r0,#0xca
      000010 78r04            [12]  214 	mov	r0,#(_main_mynum2_10000_81 + 0x0001)
      000012 76 2F            [12]  215 	mov	@r0,#0x2f
      000014 78r05            [12]  216 	mov	r0,#(_main_mynum2_10000_81 + 0x0002)
      000016 76 00            [12]  217 	mov	@r0,#0x00
                                    218 ;	/home/baibhavdebian/Documents/tinytool52/ttl52api/ttl52int/my_c.c:6: uint24t __idata mynum3 = UINT24(12234);
      000018 78r06            [12]  219 	mov	r0,#_main_mynum3_10000_81
      00001A 76 CA            [12]  220 	mov	@r0,#0xca
      00001C 78r07            [12]  221 	mov	r0,#(_main_mynum3_10000_81 + 0x0001)
      00001E 76 2F            [12]  222 	mov	@r0,#0x2f
      000020 78r08            [12]  223 	mov	r0,#(_main_mynum3_10000_81 + 0x0002)
      000022 76 00            [12]  224 	mov	@r0,#0x00
                                    225 ;	/home/baibhavdebian/Documents/tinytool52/ttl52api/ttl52int/my_c.c:9: SUBUINT24_IDATA(&mynum1,&mynum2,&mynum3);
                                    226 ;	/home/baibhavdebian/Documents/tinytool52/ttl52api/ttl52int/ttl52int.h:297: SUBUINTC_IDATA(out->bytes , inp1->bytes , inp2->bytes,UINT24T_SIZE);
      000024 75*00r03         [24]  227 	mov	_SUBUINTC_IDATA_PARM_2,#_main_mynum2_10000_81
      000027 75*00r06         [24]  228 	mov	_SUBUINTC_IDATA_PARM_3,#_main_mynum3_10000_81
      00002A 75*00 03         [24]  229 	mov	_SUBUINTC_IDATA_PARM_4,#0x03
      00002D 75 82r00         [24]  230 	mov	dpl, #_main_mynum1_10000_81
                                    231 ;	/home/baibhavdebian/Documents/tinytool52/ttl52api/ttl52int/my_c.c:9: SUBUINT24_IDATA(&mynum1,&mynum2,&mynum3);
                                    232 ;	/home/baibhavdebian/Documents/tinytool52/ttl52api/ttl52int/my_c.c:11: }
      000030 02r00r00         [24]  233 	ljmp	_SUBUINTC_IDATA
                                    234 	.area CSEG    (CODE)
                                    235 	.area CONST   (CODE)
                                    236 	.area XINIT   (CODE)
                                    237 	.area CABS    (ABS,CODE)
